Start testing: Aug 04 14:27 IST
----------------------------------------------------------
1/1 Testing: runTests
1/1 Test: runTests
Command: "/mnt/e/Learning Space/UTS_CPP/build/runTests"
Directory: /mnt/e/Learning Space/UTS_CPP/build
"runTests" start time: Aug 04 14:27 IST
Output:
----------------------------------------------------------
[==========] Running 3 tests from 2 test suites.
[----------] Global test environment set-up.
[----------] 2 tests from ADD
[ RUN      ] ADD.TEST_001
[       OK ] ADD.TEST_001 (0 ms)
[ RUN      ] ADD.TEST_002
[       OK ] ADD.TEST_002 (0 ms)
[----------] 2 tests from ADD (0 ms total)

[----------] 1 test from ADD2
[ RUN      ] ADD2.TEST_001
[       OK ] ADD2.TEST_001 (0 ms)
[----------] 1 test from ADD2 (0 ms total)

[----------] Global test environment tear-down
[==========] 3 tests from 2 test suites ran. (0 ms total)
[  PASSED  ] 3 tests.
<end of output>
Test time =   0.09 sec
----------------------------------------------------------
Test Passed.
"runTests" end time: Aug 04 14:27 IST
"runTests" time elapsed: 00:00:00
----------------------------------------------------------

End testing: Aug 04 14:27 IST
